<?xml version="1.0" encoding="UTF-8"?>
<!-- Generated by org.testng.reporters.JUnitXMLReporter -->
<testsuite ignored="0" hostname="MacBook-Pro-de-Yohanna.local" failures="0" tests="12" name="Default test" time="34.477" errors="0" timestamp="2020-05-06T18:09:36 CLT">
  <testcase classname="scripts.caso001_Flujo_Completo" name="@AfterTest cerrarBrowser" time="0.0">
    <failure type="org.openqa.selenium.NoSuchSessionException" message="Session ID is null. Using WebDriver after calling quit()?
Build info: version: &amp;apos;3.141.59&amp;apos;, revision: &amp;apos;e82be7d358&amp;apos;, time: &amp;apos;2018-11-14T08:17:03&amp;apos;
System info: host: &amp;apos;MacBook-Pro-de-Yohanna.local&amp;apos;, ip: &amp;apos;fe80:0:0:0:1045:e728:d542:40fd%en0&amp;apos;, os.name: &amp;apos;Mac OS X&amp;apos;, os.arch: &amp;apos;x86_64&amp;apos;, os.version: &amp;apos;10.15.4&amp;apos;, java.version: &amp;apos;11.0.2&amp;apos;
Driver info: driver.version: RemoteWebDriver">
      <![CDATA[org.openqa.selenium.NoSuchSessionException: Session ID is null. Using WebDriver after calling quit()?
Build info: version: '3.141.59', revision: 'e82be7d358', time: '2018-11-14T08:17:03'
System info: host: 'MacBook-Pro-de-Yohanna.local', ip: 'fe80:0:0:0:1045:e728:d542:40fd%en0', os.name: 'Mac OS X', os.arch: 'x86_64', os.version: '10.15.4', java.version: '11.0.2'
Driver info: driver.version: RemoteWebDriver
at org.openqa.selenium.remote.HttpCommandExecutor.execute(HttpCommandExecutor.java:125)
at org.openqa.selenium.remote.service.DriverCommandExecutor.execute(DriverCommandExecutor.java:83)
at org.openqa.selenium.remote.RemoteWebDriver.execute(RemoteWebDriver.java:552)
at org.openqa.selenium.remote.RemoteWebDriver.execute(RemoteWebDriver.java:609)
at org.openqa.selenium.remote.RemoteWebDriver.close(RemoteWebDriver.java:442)
at Tools.tools.stop(tools.java:91)
at Tools.tools.skipScript(tools.java:158)
at scripts.caso001_Flujo_Completo.cerrarBrowser(caso001_Flujo_Completo.java:377)
at java.base/jdk.internal.reflect.NativeMethodAccessorImpl.invoke0(Native Method)
at java.base/jdk.internal.reflect.NativeMethodAccessorImpl.invoke(NativeMethodAccessorImpl.java:62)
at java.base/jdk.internal.reflect.DelegatingMethodAccessorImpl.invoke(DelegatingMethodAccessorImpl.java:43)
at java.base/java.lang.reflect.Method.invoke(Method.java:566)
at org.testng.internal.MethodInvocationHelper.invokeMethod(MethodInvocationHelper.java:133)
at org.testng.internal.MethodInvocationHelper.invokeMethodConsideringTimeout(MethodInvocationHelper.java:62)
at org.testng.internal.ConfigInvoker.invokeConfigurationMethod(ConfigInvoker.java:340)
at org.testng.internal.ConfigInvoker.invokeConfigurations(ConfigInvoker.java:294)
at org.testng.TestRunner.invokeTestConfigurations(TestRunner.java:623)
at org.testng.TestRunner.afterRun(TestRunner.java:853)
at org.testng.TestRunner.run(TestRunner.java:594)
at org.testng.SuiteRunner.runTest(SuiteRunner.java:402)
at org.testng.SuiteRunner.runSequentially(SuiteRunner.java:396)
at org.testng.SuiteRunner.privateRun(SuiteRunner.java:355)
at org.testng.SuiteRunner.run(SuiteRunner.java:304)
at org.testng.SuiteRunnerWorker.runSuite(SuiteRunnerWorker.java:53)
at org.testng.SuiteRunnerWorker.run(SuiteRunnerWorker.java:96)
at org.testng.TestNG.runSuitesSequentially(TestNG.java:1180)
at org.testng.TestNG.runSuitesLocally(TestNG.java:1102)
at org.testng.TestNG.runSuites(TestNG.java:1032)
at org.testng.TestNG.run(TestNG.java:1000)
at org.testng.remote.AbstractRemoteTestNG.run(AbstractRemoteTestNG.java:115)
at org.testng.remote.RemoteTestNG.initAndRun(RemoteTestNG.java:251)
at org.testng.remote.RemoteTestNG.main(RemoteTestNG.java:77)
]]>
    </failure>
  </testcase> <!-- @AfterTest cerrarBrowser -->
  <testcase classname="scripts.caso001_Flujo_Completo" name="comenzar" time="2.734"/>
  <testcase classname="scripts.caso001_Flujo_Completo" name="ingresoManual" time="3.069"/>
  <testcase classname="scripts.caso001_Flujo_Completo" name="ingresarRut" time="3.785"/>
  <testcase classname="scripts.caso001_Flujo_Completo" name="ContinuarRut" time="2.737"/>
  <testcase classname="scripts.caso001_Flujo_Completo" name="ingresarPassword" time="3.725"/>
  <testcase classname="scripts.caso001_Flujo_Completo" name="ContinuarPass" time="3.736"/>
  <testcase classname="scripts.caso001_Flujo_Completo" name="ContinuarEleccion" time="2.728"/>
  <testcase classname="scripts.caso001_Flujo_Completo" name="EleccionFondo" time="1.303">
    <skipped/>
  </testcase> <!-- EleccionFondo -->
  <testcase classname="scripts.caso001_Flujo_Completo" name="ContinuarFondo" time="0.0">
    <skipped/>
  </testcase> <!-- ContinuarFondo -->
  <testcase classname="scripts.caso001_Flujo_Completo" name="actualizarTelefono" time="0.002">
    <skipped/>
  </testcase> <!-- actualizarTelefono -->
  <testcase classname="scripts.caso001_Flujo_Completo" name="actualizarEmail" time="0.002">
    <skipped/>
  </testcase> <!-- actualizarEmail -->
  <testcase classname="scripts.caso001_Flujo_Completo" name="comisiones" time="0.001">
    <skipped/>
  </testcase> <!-- comisiones -->
</testsuite> <!-- Default test -->
