<?xml version="1.0" encoding="UTF-8"?>
<!-- Generated by org.testng.reporters.JUnitReportReporter -->
<testsuite hostname="MacBook-Pro-de-Yohanna.local" failures="0" tests="14" name="scripts.caso001_Flujo_Completo" time="2.746" errors="1" timestamp="2020-01-13T17:44:58 CLST" skipped="13">
  <testcase classname="scripts.caso001_Flujo_Completo" name="cerrarBrowser" time="0.001">
    <error message="Session ID is null. Using WebDriver after calling quit()?
Build info: version: &#039;3.141.59&#039;, revision: &#039;e82be7d358&#039;, time: &#039;2018-11-14T08:17:03&#039;
System info: host: &#039;MacBook-Pro-de-Yohanna.local&#039;, ip: &#039;fe80:0:0:0:c4a:2adb:b755:c282%en0&#039;, os.name: &#039;Mac OS X&#039;, os.arch: &#039;x86_64&#039;, os.version: &#039;10.15.1&#039;, java.version: &#039;11.0.2&#039;
Driver info: driver.version: RemoteWebDriver" type="org.openqa.selenium.NoSuchSessionException">
      <![CDATA[org.openqa.selenium.NoSuchSessionException: Session ID is null. Using WebDriver after calling quit()?
Build info: version: '3.141.59', revision: 'e82be7d358', time: '2018-11-14T08:17:03'
System info: host: 'MacBook-Pro-de-Yohanna.local', ip: 'fe80:0:0:0:c4a:2adb:b755:c282%en0', os.name: 'Mac OS X', os.arch: 'x86_64', os.version: '10.15.1', java.version: '11.0.2'
Driver info: driver.version: RemoteWebDriver
at org.openqa.selenium.remote.HttpCommandExecutor.execute(HttpCommandExecutor.java:125)
at org.openqa.selenium.remote.service.DriverCommandExecutor.execute(DriverCommandExecutor.java:83)
at org.openqa.selenium.remote.RemoteWebDriver.execute(RemoteWebDriver.java:552)
at org.openqa.selenium.remote.RemoteWebDriver.execute(RemoteWebDriver.java:609)
at org.openqa.selenium.remote.RemoteWebDriver.close(RemoteWebDriver.java:442)
at Tools.tools.stop(tools.java:91)
at Tools.tools.skipScript(tools.java:158)
at scripts.caso001_Flujo_Completo.cerrarBrowser(caso001_Flujo_Completo.java:376)
at java.base/jdk.internal.reflect.NativeMethodAccessorImpl.invoke0(Native Method)
at java.base/jdk.internal.reflect.NativeMethodAccessorImpl.invoke(NativeMethodAccessorImpl.java:62)
at java.base/jdk.internal.reflect.DelegatingMethodAccessorImpl.invoke(DelegatingMethodAccessorImpl.java:43)
at java.base/java.lang.reflect.Method.invoke(Method.java:566)
at org.testng.internal.MethodInvocationHelper.invokeMethod(MethodInvocationHelper.java:133)
at org.testng.internal.MethodInvocationHelper.invokeMethodConsideringTimeout(MethodInvocationHelper.java:62)
at org.testng.internal.ConfigInvoker.invokeConfigurationMethod(ConfigInvoker.java:340)
at org.testng.internal.ConfigInvoker.invokeConfigurations(ConfigInvoker.java:294)
at org.testng.TestRunner.invokeTestConfigurations(TestRunner.java:623)
at org.testng.TestRunner.afterRun(TestRunner.java:853)
at org.testng.TestRunner.run(TestRunner.java:594)
at org.testng.SuiteRunner.runTest(SuiteRunner.java:402)
at org.testng.SuiteRunner.runSequentially(SuiteRunner.java:396)
at org.testng.SuiteRunner.privateRun(SuiteRunner.java:355)
at org.testng.SuiteRunner.run(SuiteRunner.java:304)
at org.testng.SuiteRunnerWorker.runSuite(SuiteRunnerWorker.java:53)
at org.testng.SuiteRunnerWorker.run(SuiteRunnerWorker.java:96)
at org.testng.TestNG.runSuitesSequentially(TestNG.java:1180)
at org.testng.TestNG.runSuitesLocally(TestNG.java:1102)
at org.testng.TestNG.runSuites(TestNG.java:1032)
at org.testng.TestNG.run(TestNG.java:1000)
at org.testng.remote.AbstractRemoteTestNG.run(AbstractRemoteTestNG.java:115)
at org.testng.remote.RemoteTestNG.initAndRun(RemoteTestNG.java:251)
at org.testng.remote.RemoteTestNG.main(RemoteTestNG.java:77)
]]>
    </error>
  </testcase> <!-- cerrarBrowser -->
  <testcase classname="scripts.caso001_Flujo_Completo" name="comenzar" time="2.730">
    <skipped/>
  </testcase> <!-- comenzar -->
  <testcase classname="scripts.caso001_Flujo_Completo" name="ingresoManual" time="0.001">
    <skipped/>
  </testcase> <!-- ingresoManual -->
  <testcase classname="scripts.caso001_Flujo_Completo" name="ingresarRut" time="0.002">
    <skipped/>
  </testcase> <!-- ingresarRut -->
  <testcase classname="scripts.caso001_Flujo_Completo" name="ContinuarRut" time="0.001">
    <skipped/>
  </testcase> <!-- ContinuarRut -->
  <testcase classname="scripts.caso001_Flujo_Completo" name="ingresarPassword" time="0.001">
    <skipped/>
  </testcase> <!-- ingresarPassword -->
  <testcase classname="scripts.caso001_Flujo_Completo" name="ContinuarPass" time="0.001">
    <skipped/>
  </testcase> <!-- ContinuarPass -->
  <testcase classname="scripts.caso001_Flujo_Completo" name="ContinuarEleccion" time="0.001">
    <skipped/>
  </testcase> <!-- ContinuarEleccion -->
  <testcase classname="scripts.caso001_Flujo_Completo" name="fondoRecomendado" time="0.002">
    <skipped/>
  </testcase> <!-- fondoRecomendado -->
  <testcase classname="scripts.caso001_Flujo_Completo" name="ContinuarFondo" time="0.001">
    <skipped/>
  </testcase> <!-- ContinuarFondo -->
  <testcase classname="scripts.caso001_Flujo_Completo" name="actualizarTelefono" time="0.002">
    <skipped/>
  </testcase> <!-- actualizarTelefono -->
  <testcase classname="scripts.caso001_Flujo_Completo" name="actualizarEmail" time="0.001">
    <skipped/>
  </testcase> <!-- actualizarEmail -->
  <testcase classname="scripts.caso001_Flujo_Completo" name="confirmar" time="0.001">
    <skipped/>
  </testcase> <!-- confirmar -->
  <testcase classname="scripts.caso001_Flujo_Completo" name="comisiones" time="0.001">
    <skipped/>
  </testcase> <!-- comisiones -->
</testsuite> <!-- scripts.caso001_Flujo_Completo -->
